<?xml version="1.0" encoding="UTF-8"?>
<testng-results ignored="0" total="3" passed="3" failed="0" skipped="0">
  <reporter-output>
  </reporter-output>
  <suite started-at="2025-04-30T19:41:02Z" name="Suite" finished-at="2025-04-30T19:42:27Z" duration-ms="84747">
    <groups>
      <group name="positive">
        <method signature="Flipkart.Login([Ljava.lang.String;)[pri:1, instance:home.Flipkart@2f953efd]" name="Login" class="home.Flipkart"/>
      </group> <!-- positive -->
    </groups>
    <test started-at="2025-04-30T19:41:02Z" name="Test" finished-at="2025-04-30T19:42:27Z" duration-ms="84747">
      <class name="home.Flipkart">
        <test-method is-config="true" signature="Get()[pri:0, instance:home.Flipkart@2f953efd]" started-at="2025-04-30T19:41:04Z" name="Get" finished-at="2025-04-30T19:41:08Z" duration-ms="3799" status="PASS">
          <reporter-output>
          </reporter-output>
        </test-method> <!-- Get -->
        <test-method signature="Login([Ljava.lang.String;)[pri:1, instance:home.Flipkart@2f953efd]" started-at="2025-04-30T19:41:08Z" name="Login" data-provider="getData" finished-at="2025-04-30T19:42:08Z" duration-ms="60421" status="PASS">
          <params>
            <param index="0">
              <value>
                <![CDATA[[Ljava.lang.String;@30ec7d21]]>
              </value>
            </param>
          </params>
          <reporter-output>
          </reporter-output>
        </test-method> <!-- Login -->
        <test-method is-config="true" signature="finished()[pri:0, instance:home.Flipkart@2f953efd]" started-at="2025-04-30T19:42:08Z" name="finished" finished-at="2025-04-30T19:42:09Z" duration-ms="823" status="PASS">
          <reporter-output>
          </reporter-output>
        </test-method> <!-- finished -->
        <test-method is-config="true" signature="Get()[pri:0, instance:home.Flipkart@2f953efd]" started-at="2025-04-30T19:42:09Z" name="Get" finished-at="2025-04-30T19:42:13Z" duration-ms="3746" status="PASS">
          <reporter-output>
          </reporter-output>
        </test-method> <!-- Get -->
        <test-method signature="Login([Ljava.lang.String;)[pri:1, instance:home.Flipkart@2f953efd]" started-at="2025-04-30T19:42:13Z" name="Login" data-provider="getData" finished-at="2025-04-30T19:42:18Z" duration-ms="5349" status="PASS">
          <params>
            <param index="0">
              <value>
                <![CDATA[[Ljava.lang.String;@70025b99]]>
              </value>
            </param>
          </params>
          <reporter-output>
          </reporter-output>
        </test-method> <!-- Login -->
        <test-method is-config="true" signature="finished()[pri:0, instance:home.Flipkart@2f953efd]" started-at="2025-04-30T19:42:18Z" name="finished" finished-at="2025-04-30T19:42:18Z" duration-ms="0" status="PASS">
          <reporter-output>
          </reporter-output>
        </test-method> <!-- finished -->
        <test-method is-config="true" signature="Get()[pri:0, instance:home.Flipkart@2f953efd]" started-at="2025-04-30T19:42:18Z" name="Get" finished-at="2025-04-30T19:42:22Z" duration-ms="3624" status="PASS">
          <reporter-output>
          </reporter-output>
        </test-method> <!-- Get -->
        <test-method signature="Login([Ljava.lang.String;)[pri:1, instance:home.Flipkart@2f953efd]" started-at="2025-04-30T19:42:22Z" name="Login" data-provider="getData" finished-at="2025-04-30T19:42:27Z" duration-ms="5205" status="PASS">
          <params>
            <param index="0">
              <value>
                <![CDATA[[Ljava.lang.String;@7efa3f63]]>
              </value>
            </param>
          </params>
          <reporter-output>
          </reporter-output>
        </test-method> <!-- Login -->
        <test-method is-config="true" signature="finished()[pri:0, instance:home.Flipkart@2f953efd]" started-at="2025-04-30T19:42:27Z" name="finished" finished-at="2025-04-30T19:42:27Z" duration-ms="1" status="PASS">
          <reporter-output>
          </reporter-output>
        </test-method> <!-- finished -->
      </class> <!-- home.Flipkart -->
    </test> <!-- Test -->
  </suite> <!-- Suite -->
</testng-results>
